<?xml version="1.0" encoding="UTF-8"?>
<!-- Generated by org.testng.reporters.JUnitReportReporter -->
<testsuite hostname="DESKTOP-PI3K98R" failures="0" tests="1" name="testPack12.testClass1" time="0.001" errors="0" timestamp="2022-10-13T16:53:23 IST" skipped="0">
  <testcase classname="testPack12.testClass1" name="TC01" time="0.001"/>
  <system-out/>
</testsuite> <!-- testPack12.testClass1 -->
