<?xml version="1.0" encoding="UTF-8"?>
<!-- Generated by org.testng.reporters.JUnitReportReporter -->
<testsuite hostname="DESKTOP-PI3K98R" failures="0" tests="2" name="asseration.hardAssertClass" time="0.018" errors="0" timestamp="2022-10-13T16:50:07 IST" skipped="0">
  <testcase classname="asseration.hardAssertClass" name="TC01" time="0.016"/>
  <system-out/>
  <testcase classname="asseration.hardAssertClass" name="TC02" time="0.002"/>
  <system-out/>
</testsuite> <!-- asseration.hardAssertClass -->
